<?xml version="1.0" encoding="UTF-8"?>
<!-- Generated by org.testng.reporters.JUnitXMLReporter -->
<testsuite ignored="0" hostname="WPRJAVANG" failures="0" tests="4" name="Default test" time="10.991" errors="0" timestamp="2026-06-05T23:26:04 IST">
  <testcase classname="tests.ParaBankTest" name="loginTest" time="1.235"/>
  <testcase classname="tests.ParaBankTest" name="customerDetailsTest" time="0.572"/>
  <testcase classname="tests.ParaBankTest" name="accountsOverviewTest" time="0.577"/>
  <testcase classname="tests.ParaBankTest" name="logoutTest" time="0.774"/>
</testsuite> <!-- Default test -->
