<?xml version="1.0" encoding="UTF-8"?>
<testng-results ignored="0" total="4" passed="4" failed="0" skipped="0">
  <reporter-output>
  </reporter-output>
  <suite started-at="2026-06-05T23:53:52 IST" name="ParaBank Suite" finished-at="2026-06-05T23:54:01 IST" duration-ms="9371">
    <groups>
    </groups>
    <test started-at="2026-06-05T23:53:52 IST" name="ParaBank Tests" finished-at="2026-06-05T23:54:01 IST" duration-ms="9371">
      <class name="tests.ParaBankTest">
        <test-method is-config="true" signature="setup()[pri:0, instance:tests.ParaBankTest@557caf28]" started-at="2026-06-05T23:53:52 IST" name="setup" finished-at="2026-06-05T23:53:56 IST" duration-ms="4364" status="PASS">
          <reporter-output>
          </reporter-output>
        </test-method> <!-- setup -->
        <test-method signature="loginTest()[pri:1, instance:tests.ParaBankTest@557caf28]" started-at="2026-06-05T23:53:56 IST" name="loginTest" finished-at="2026-06-05T23:53:58 IST" duration-ms="1148" status="PASS">
          <reporter-output>
          </reporter-output>
        </test-method> <!-- loginTest -->
        <test-method signature="customerDetailsTest()[pri:2, instance:tests.ParaBankTest@557caf28]" started-at="2026-06-05T23:53:58 IST" name="customerDetailsTest" finished-at="2026-06-05T23:53:58 IST" duration-ms="657" status="PASS">
          <reporter-output>
          </reporter-output>
        </test-method> <!-- customerDetailsTest -->
        <test-method signature="accountsOverviewTest()[pri:3, instance:tests.ParaBankTest@557caf28]" started-at="2026-06-05T23:53:58 IST" name="accountsOverviewTest" finished-at="2026-06-05T23:53:59 IST" duration-ms="545" status="PASS">
          <reporter-output>
          </reporter-output>
        </test-method> <!-- accountsOverviewTest -->
        <test-method signature="logoutTest()[pri:4, instance:tests.ParaBankTest@557caf28]" started-at="2026-06-05T23:53:59 IST" name="logoutTest" finished-at="2026-06-05T23:53:59 IST" duration-ms="734" status="PASS">
          <reporter-output>
          </reporter-output>
        </test-method> <!-- logoutTest -->
        <test-method is-config="true" signature="teardown()[pri:0, instance:tests.ParaBankTest@557caf28]" started-at="2026-06-05T23:53:59 IST" name="teardown" finished-at="2026-06-05T23:54:01 IST" duration-ms="1823" status="PASS">
          <reporter-output>
          </reporter-output>
        </test-method> <!-- teardown -->
      </class> <!-- tests.ParaBankTest -->
    </test> <!-- ParaBank Tests -->
  </suite> <!-- ParaBank Suite -->
</testng-results>
