<?xml version="1.0" encoding="UTF-8"?>
<!-- Generated by org.testng.reporters.JUnitReportReporter -->
<testsuite hostname="WPRJAVANG" failures="0" tests="4" name="tests.ParaBankTest" time="3.084" errors="0" timestamp="2026-06-05T23:54:02 IST" skipped="0">
  <testcase classname="tests.ParaBankTest" name="loginTest" time="1.148"/>
  <testcase classname="tests.ParaBankTest" name="customerDetailsTest" time="0.657"/>
  <testcase classname="tests.ParaBankTest" name="accountsOverviewTest" time="0.545"/>
  <testcase classname="tests.ParaBankTest" name="logoutTest" time="0.734"/>
</testsuite> <!-- tests.ParaBankTest -->
